android/app/build/outputs/logs/manifest-merger-debug-report.txt
-- Merging decision tree log ---
manifest
ADDED from src/main/AndroidManifest.xml:1:1-39:12
	package
		ADDED from src/main/AndroidManifest.xml:2:5-26
		INJECTED from src/main/AndroidManifest.xml
		INJECTED from src/main/AndroidManifest.xml
	android:versionName
		ADDED from src/main/AndroidManifest.xml:4:5-30
		INJECTED from src/main/AndroidManifest.xml
		INJECTED from src/main/AndroidManifest.xml
	android:versionCode
		ADDED from src/main/AndroidManifest.xml:3:5-28
		INJECTED from src/main/AndroidManifest.xml
		INJECTED from src/main/AndroidManifest.xml
	xmlns:android
		ADDED from src/main/AndroidManifest.xml:1:11-69
uses-permission#android.permission.INTERNET
ADDED from src/main/AndroidManifest.xml:6:5-67
MERGED from [JinChan:jpush-react-native:unspecified] AndroidManifest.xml:18:5-67
	android:name
		ADDED from src/main/AndroidManifest.xml:6:22-64
uses-permission#android.permission.SYSTEM_ALERT_WINDOW
ADDED from src/main/AndroidManifest.xml:7:5-77
MERGED from [JinChan:jpush-react-native:unspecified] AndroidManifest.xml:30:5-78
MERGED from [com.facebook.react:react-native:0.51.0] AndroidManifest.xml:11:5-78
	android:name
		ADDED from src/main/AndroidManifest.xml:7:22-75
uses-sdk
ADDED from src/main/AndroidManifest.xml:9:5-11:41
MERGED from [JinChan:jcore-react-native:unspecified] AndroidManifest.xml:7:5-9:41
MERGED from [JinChan:jpush-react-native:unspecified] AndroidManifest.xml:7:5-9:41
MERGED from [JinChan:react-native-vector-icons:unspecified] AndroidManifest.xml:7:5-9:41
MERGED from [com.facebook.react:react-native:0.51.0] AndroidManifest.xml:7:5-9:41
MERGED from [com.android.support:appcompat-v7:23.0.1] AndroidManifest.xml:20:5-43
MERGED from [com.android.support:support-v4:23.0.1] AndroidManifest.xml:20:5-43
MERGED from [com.facebook.fbui.textlayoutbuilder:textlayoutbuilder:1.0.0] AndroidManifest.xml:14:5-16:41
MERGED from [com.facebook.fresco:fresco:1.3.0] AndroidManifest.xml:5:5-7:41
MERGED from [com.facebook.fresco:drawee:1.3.0] AndroidManifest.xml:5:5-7:41
MERGED from [com.facebook.fresco:imagepipeline-okhttp3:1.3.0] AndroidManifest.xml:5:5-7:41
MERGED from [com.facebook.fresco:imagepipeline:1.3.0] AndroidManifest.xml:5:5-7:41
MERGED from [com.facebook.fresco:imagepipeline-base:1.3.0] AndroidManifest.xml:5:5-7:41
MERGED from [com.facebook.fresco:fbcore:1.3.0] AndroidManifest.xml:5:5-7:41
MERGED from [com.facebook.soloader:soloader:0.1.0] AndroidManifest.xml:2:3-70
	android:targetSdkVersion
		ADDED from src/main/AndroidManifest.xml:11:9-38
		INJECTED from src/main/AndroidManifest.xml
		INJECTED from src/main/AndroidManifest.xml
	android:minSdkVersion
		ADDED from src/main/AndroidManifest.xml:10:9-35
		INJECTED from src/main/AndroidManifest.xml
		INJECTED from src/main/AndroidManifest.xml
application
ADDED from src/main/AndroidManifest.xml:13:5-37:19
MERGED from [JinChan:jcore-react-native:unspecified] AndroidManifest.xml:11:5-58:19
MERGED from [JinChan:jpush-react-native:unspecified] AndroidManifest.xml:38:5-102:19
MERGED from [com.facebook.react:react-native:0.51.0] AndroidManifest.xml:13:5-20
MERGED from [com.android.support:appcompat-v7:23.0.1] AndroidManifest.xml:22:5-20
MERGED from [com.android.support:support-v4:23.0.1] AndroidManifest.xml:22:5-20
MERGED from [com.facebook.soloader:soloader:0.1.0] AndroidManifest.xml:3:3-17
MERGED from [org.webkit:android-jsc:r174650] AndroidManifest.xml:2:3-17
	android:label
		ADDED from src/main/AndroidManifest.xml:16:7-39
	android:allowBackup
		ADDED from src/main/AndroidManifest.xml:15:7-33
	android:icon
		ADDED from src/main/AndroidManifest.xml:17:7-41
	android:theme
		ADDED from src/main/AndroidManifest.xml:18:7-38
	android:name
		ADDED from src/main/AndroidManifest.xml:14:7-38
activity#com.jinchan.MainActivity
ADDED from src/main/AndroidManifest.xml:19:7-28:18
	android:label
		ADDED from src/main/AndroidManifest.xml:21:9-41
	android:windowSoftInputMode
		ADDED from src/main/AndroidManifest.xml:23:9-51
	android:configChanges
		ADDED from src/main/AndroidManifest.xml:22:9-79
	android:name
		ADDED from src/main/AndroidManifest.xml:20:9-37
intent-filter#android.intent.action.MAIN+android.intent.category.LAUNCHER
ADDED from src/main/AndroidManifest.xml:24:9-27:25
action#android.intent.action.MAIN
ADDED from src/main/AndroidManifest.xml:25:13-65
	android:name
		ADDED from src/main/AndroidManifest.xml:25:21-62
category#android.intent.category.LAUNCHER
ADDED from src/main/AndroidManifest.xml:26:13-73
	android:name
		ADDED from src/main/AndroidManifest.xml:26:23-70
meta-data#JPUSH_APPKEY
ADDED from src/main/AndroidManifest.xml:29:5-31:43
	android:value
		ADDED from src/main/AndroidManifest.xml:31:9-40
		INJECTED from src/main/AndroidManifest.xml
	android:name
		ADDED from src/main/AndroidManifest.xml:30:9-36
meta-data#JPUSH_CHANNEL
ADDED from src/main/AndroidManifest.xml:32:5-34:42
	android:value
		ADDED from src/main/AndroidManifest.xml:34:9-39
		INJECTED from src/main/AndroidManifest.xml
	android:name
		ADDED from src/main/AndroidManifest.xml:33:9-37
activity#com.facebook.react.devsupport.DevSettingsActivity
ADDED from src/main/AndroidManifest.xml:36:7-84
	android:name
		ADDED from src/main/AndroidManifest.xml:36:17-81
service#cn.jpush.android.service.PushService
ADDED from [JinChan:jcore-react-native:unspecified] AndroidManifest.xml:16:9-26:19
	android:enabled
		ADDED from [JinChan:jcore-react-native:unspecified] AndroidManifest.xml:18:13-35
	android:exported
		ADDED from [JinChan:jcore-react-native:unspecified] AndroidManifest.xml:19:13-37
	android:name
		ADDED from [JinChan:jcore-react-native:unspecified] AndroidManifest.xml:17:13-64
intent-filter#cn.jpush.android.intent.PUSH_TIME+cn.jpush.android.intent.PushService+cn.jpush.android.intent.REGISTER+cn.jpush.android.intent.REPORT
ADDED from [JinChan:jcore-react-native:unspecified] AndroidManifest.xml:20:13-25:29
action#cn.jpush.android.intent.REGISTER
ADDED from [JinChan:jcore-react-native:unspecified] AndroidManifest.xml:21:17-75
	android:name
		ADDED from [JinChan:jcore-react-native:unspecified] AndroidManifest.xml:21:25-72
action#cn.jpush.android.intent.REPORT
ADDED from [JinChan:jcore-react-native:unspecified] AndroidManifest.xml:22:17-73
	android:name
		ADDED from [JinChan:jcore-react-native:unspecified] AndroidManifest.xml:22:25-70
action#cn.jpush.android.intent.PushService
ADDED from [JinChan:jcore-react-native:unspecified] AndroidManifest.xml:23:17-78
	android:name
		ADDED from [JinChan:jcore-react-native:unspecified] AndroidManifest.xml:23:25-75
action#cn.jpush.android.intent.PUSH_TIME
ADDED from [JinChan:jcore-react-native:unspecified] AndroidManifest.xml:24:17-76
	android:name
		ADDED from [JinChan:jcore-react-native:unspecified] AndroidManifest.xml:24:25-73
provider#cn.jpush.android.service.DataProvider
ADDED from [JinChan:jcore-react-native:unspecified] AndroidManifest.xml:29:9-32:39
	android:authorities
		ADDED from [JinChan:jcore-react-native:unspecified] AndroidManifest.xml:31:13-64
	android:exported
		ADDED from [JinChan:jcore-react-native:unspecified] AndroidManifest.xml:32:13-36
	android:name
		ADDED from [JinChan:jcore-react-native:unspecified] AndroidManifest.xml:30:13-65
receiver#cn.jpush.android.service.PushReceiver
ADDED from [JinChan:jcore-react-native:unspecified] AndroidManifest.xml:35:9-54:20
	android:enabled
		ADDED from [JinChan:jcore-react-native:unspecified] AndroidManifest.xml:37:13-35
	android:exported
		ADDED from [JinChan:jcore-react-native:unspecified] AndroidManifest.xml:38:13-37
	android:name
		ADDED from [JinChan:jcore-react-native:unspecified] AndroidManifest.xml:36:13-65
intent-filter#${applicationId}+cn.jpush.android.intent.NOTIFICATION_RECEIVED_PROXY
ADDED from [JinChan:jcore-react-native:unspecified] AndroidManifest.xml:39:13-42:29
	android:priority
		ADDED from [JinChan:jcore-react-native:unspecified] AndroidManifest.xml:39:28-51
action#cn.jpush.android.intent.NOTIFICATION_RECEIVED_PROXY
ADDED from [JinChan:jcore-react-native:unspecified] AndroidManifest.xml:40:17-94
	android:name
		ADDED from [JinChan:jcore-react-native:unspecified] AndroidManifest.xml:40:25-91
category#${applicationId}
ADDED from [JinChan:jcore-react-native:unspecified] AndroidManifest.xml:41:17-61
	android:name
		ADDED from [JinChan:jcore-react-native:unspecified] AndroidManifest.xml:41:27-58
intent-filter#android.intent.action.USER_PRESENT+android.net.conn.CONNECTIVITY_CHANGE
ADDED from [JinChan:jcore-react-native:unspecified] AndroidManifest.xml:43:13-46:29
action#android.intent.action.USER_PRESENT
ADDED from [JinChan:jcore-react-native:unspecified] AndroidManifest.xml:44:17-77
	android:name
		ADDED from [JinChan:jcore-react-native:unspecified] AndroidManifest.xml:44:25-74
action#android.net.conn.CONNECTIVITY_CHANGE
ADDED from [JinChan:jcore-react-native:unspecified] AndroidManifest.xml:45:17-79
	android:name
		ADDED from [JinChan:jcore-react-native:unspecified] AndroidManifest.xml:45:25-76
intent-filter#android.intent.action.PACKAGE_ADDED+android.intent.action.PACKAGE_REMOVED
ADDED from [JinChan:jcore-react-native:unspecified] AndroidManifest.xml:48:13-53:29
action#android.intent.action.PACKAGE_ADDED
ADDED from [JinChan:jcore-react-native:unspecified] AndroidManifest.xml:49:17-78
	android:name
		ADDED from [JinChan:jcore-react-native:unspecified] AndroidManifest.xml:49:25-75
action#android.intent.action.PACKAGE_REMOVED
ADDED from [JinChan:jcore-react-native:unspecified] AndroidManifest.xml:50:17-80
	android:name
		ADDED from [JinChan:jcore-react-native:unspecified] AndroidManifest.xml:50:25-77
data
ADDED from [JinChan:jcore-react-native:unspecified] AndroidManifest.xml:52:17-50
	android:scheme
		ADDED from [JinChan:jcore-react-native:unspecified] AndroidManifest.xml:52:23-47
receiver#cn.jpush.android.service.AlarmReceiver
ADDED from [JinChan:jcore-react-native:unspecified] AndroidManifest.xml:57:9-75
	android:name
		ADDED from [JinChan:jcore-react-native:unspecified] AndroidManifest.xml:57:19-72
permission#${applicationId}.permission.JPUSH_MESSAGE
ADDED from [JinChan:jpush-react-native:unspecified] AndroidManifest.xml:11:5-13:47
	android:protectionLevel
		ADDED from [JinChan:jpush-react-native:unspecified] AndroidManifest.xml:13:9-44
	android:name
		ADDED from [JinChan:jpush-react-native:unspecified] AndroidManifest.xml:12:9-65
uses-permission#${applicationId}.permission.JPUSH_MESSAGE
ADDED from [JinChan:jpush-react-native:unspecified] AndroidManifest.xml:16:5-81
	android:name
		ADDED from [JinChan:jpush-react-native:unspecified] AndroidManifest.xml:16:22-78
uses-permission#android.permission.RECEIVE_USER_PRESENT
ADDED from [JinChan:jpush-react-native:unspecified] AndroidManifest.xml:17:5-79
	android:name
		ADDED from [JinChan:jpush-react-native:unspecified] AndroidManifest.xml:17:22-76
uses-permission#android.permission.WAKE_LOCK
ADDED from [JinChan:jpush-react-native:unspecified] AndroidManifest.xml:19:5-68
	android:name
		ADDED from [JinChan:jpush-react-native:unspecified] AndroidManifest.xml:19:22-65
uses-permission#android.permission.READ_PHONE_STATE
ADDED from [JinChan:jpush-react-native:unspecified] AndroidManifest.xml:20:5-75
	android:name
		ADDED from [JinChan:jpush-react-native:unspecified] AndroidManifest.xml:20:22-72
uses-permission#android.permission.WRITE_EXTERNAL_STORAGE
ADDED from [JinChan:jpush-react-native:unspecified] AndroidManifest.xml:21:5-81
	android:name
		ADDED from [JinChan:jpush-react-native:unspecified] AndroidManifest.xml:21:22-78
uses-permission#android.permission.READ_EXTERNAL_STORAGE
ADDED from [JinChan:jpush-react-native:unspecified] AndroidManifest.xml:22:5-80
	android:name
		ADDED from [JinChan:jpush-react-native:unspecified] AndroidManifest.xml:22:22-77
uses-permission#android.permission.WRITE_SETTINGS
ADDED from [JinChan:jpush-react-native:unspecified] AndroidManifest.xml:23:5-73
	android:name
		ADDED from [JinChan:jpush-react-native:unspecified] AndroidManifest.xml:23:22-70
uses-permission#android.permission.VIBRATE
ADDED from [JinChan:jpush-react-native:unspecified] AndroidManifest.xml:24:5-66
	android:name
		ADDED from [JinChan:jpush-react-native:unspecified] AndroidManifest.xml:24:22-63
uses-permission#android.permission.MOUNT_UNMOUNT_FILESYSTEMS
ADDED from [JinChan:jpush-react-native:unspecified] AndroidManifest.xml:25:5-84
	android:name
		ADDED from [JinChan:jpush-react-native:unspecified] AndroidManifest.xml:25:22-81
uses-permission#android.permission.ACCESS_NETWORK_STATE
ADDED from [JinChan:jpush-react-native:unspecified] AndroidManifest.xml:26:5-79
	android:name
		ADDED from [JinChan:jpush-react-native:unspecified] AndroidManifest.xml:26:22-76
uses-permission#android.permission.ACCESS_WIFI_STATE
ADDED from [JinChan:jpush-react-native:unspecified] AndroidManifest.xml:27:5-76
	android:name
		ADDED from [JinChan:jpush-react-native:unspecified] AndroidManifest.xml:27:22-73
uses-permission#android.permission.ACCESS_COARSE_LOCATION
ADDED from [JinChan:jpush-react-native:unspecified] AndroidManifest.xml:31:5-81
	android:name
		ADDED from [JinChan:jpush-react-native:unspecified] AndroidManifest.xml:31:22-78
uses-permission#android.permission.CHANGE_WIFI_STATE
ADDED from [JinChan:jpush-react-native:unspecified] AndroidManifest.xml:32:5-76
	android:name
		ADDED from [JinChan:jpush-react-native:unspecified] AndroidManifest.xml:32:22-73
uses-permission#android.permission.ACCESS_FINE_LOCATION
ADDED from [JinChan:jpush-react-native:unspecified] AndroidManifest.xml:33:5-79
	android:name
		ADDED from [JinChan:jpush-react-native:unspecified] AndroidManifest.xml:33:22-76
uses-permission#android.permission.ACCESS_LOCATION_EXTRA_COMMANDS
ADDED from [JinChan:jpush-react-native:unspecified] AndroidManifest.xml:34:5-89
	android:name
		ADDED from [JinChan:jpush-react-native:unspecified] AndroidManifest.xml:34:22-86
uses-permission#android.permission.CHANGE_NETWORK_STATE
ADDED from [JinChan:jpush-react-native:unspecified] AndroidManifest.xml:35:5-79
	android:name
		ADDED from [JinChan:jpush-react-native:unspecified] AndroidManifest.xml:35:22-76
uses-permission#android.permission.GET_TASKS
ADDED from [JinChan:jpush-react-native:unspecified] AndroidManifest.xml:36:5-68
	android:name
		ADDED from [JinChan:jpush-react-native:unspecified] AndroidManifest.xml:36:22-65
activity#cn.jpush.android.ui.PushActivity
ADDED from [JinChan:jpush-react-native:unspecified] AndroidManifest.xml:41:9-52:20
	android:exported
		ADDED from [JinChan:jpush-react-native:unspecified] AndroidManifest.xml:44:13-37
	android:configChanges
		ADDED from [JinChan:jpush-react-native:unspecified] AndroidManifest.xml:43:13-63
	android:theme
		ADDED from [JinChan:jpush-react-native:unspecified] AndroidManifest.xml:45:13-60
	android:name
		ADDED from [JinChan:jpush-react-native:unspecified] AndroidManifest.xml:42:13-60
intent-filter#${applicationId}+android.intent.category.DEFAULT+cn.jpush.android.ui.PushActivity
ADDED from [JinChan:jpush-react-native:unspecified] AndroidManifest.xml:46:13-51:29
action#cn.jpush.android.ui.PushActivity
ADDED from [JinChan:jpush-react-native:unspecified] AndroidManifest.xml:47:17-75
	android:name
		ADDED from [JinChan:jpush-react-native:unspecified] AndroidManifest.xml:47:25-72
category#android.intent.category.DEFAULT
ADDED from [JinChan:jpush-react-native:unspecified] AndroidManifest.xml:49:17-76
	android:name
		ADDED from [JinChan:jpush-react-native:unspecified] AndroidManifest.xml:49:27-73
activity#cn.jpush.android.ui.PopWinActivity
ADDED from [JinChan:jpush-react-native:unspecified] AndroidManifest.xml:55:9-59:20
	android:exported
		ADDED from [JinChan:jpush-react-native:unspecified] AndroidManifest.xml:57:13-37
	android:theme
		ADDED from [JinChan:jpush-react-native:unspecified] AndroidManifest.xml:58:13-49
	android:name
		ADDED from [JinChan:jpush-react-native:unspecified] AndroidManifest.xml:56:13-62
service#cn.jpush.android.service.DownloadService
ADDED from [JinChan:jpush-react-native:unspecified] AndroidManifest.xml:62:9-66:19
	android:enabled
		ADDED from [JinChan:jpush-react-native:unspecified] AndroidManifest.xml:64:13-35
	android:exported
		ADDED from [JinChan:jpush-react-native:unspecified] AndroidManifest.xml:65:13-37
	android:name
		ADDED from [JinChan:jpush-react-native:unspecified] AndroidManifest.xml:63:13-68
service#cn.jpush.android.service.DaemonService
ADDED from [JinChan:jpush-react-native:unspecified] AndroidManifest.xml:69:9-78:19
	android:enabled
		ADDED from [JinChan:jpush-react-native:unspecified] AndroidManifest.xml:71:13-35
	android:exported
		ADDED from [JinChan:jpush-react-native:unspecified] AndroidManifest.xml:72:13-36
	android:name
		ADDED from [JinChan:jpush-react-native:unspecified] AndroidManifest.xml:70:13-66
intent-filter#${applicationId}+cn.jpush.android.intent.DaemonService
ADDED from [JinChan:jpush-react-native:unspecified] AndroidManifest.xml:73:13-77:29
action#cn.jpush.android.intent.DaemonService
ADDED from [JinChan:jpush-react-native:unspecified] AndroidManifest.xml:74:17-80
	android:name
		ADDED from [JinChan:jpush-react-native:unspecified] AndroidManifest.xml:74:25-77
receiver#cn.jpush.reactnativejpush.JPushModule$JPushReceiver
ADDED from [JinChan:jpush-react-native:unspecified] AndroidManifest.xml:81:9-93:20
	android:enabled
		ADDED from [JinChan:jpush-react-native:unspecified] AndroidManifest.xml:83:13-35
	android:name
		ADDED from [JinChan:jpush-react-native:unspecified] AndroidManifest.xml:82:13-79
intent-filter#${applicationId}+cn.jpush.android.intent.ACTION_RICHPUSH_CALLBACK+cn.jpush.android.intent.CONNECTION+cn.jpush.android.intent.MESSAGE_RECEIVED+cn.jpush.android.intent.NOTIFICATION_OPENED+cn.jpush.android.intent.NOTIFICATION_RECEIVED+cn.jpush.android.intent.REGISTRATION
ADDED from [JinChan:jpush-react-native:unspecified] AndroidManifest.xml:84:13-92:29
action#cn.jpush.android.intent.REGISTRATION
ADDED from [JinChan:jpush-react-native:unspecified] AndroidManifest.xml:85:17-79
	android:name
		ADDED from [JinChan:jpush-react-native:unspecified] AndroidManifest.xml:85:25-76
action#cn.jpush.android.intent.MESSAGE_RECEIVED
ADDED from [JinChan:jpush-react-native:unspecified] AndroidManifest.xml:86:17-83
	android:name
		ADDED from [JinChan:jpush-react-native:unspecified] AndroidManifest.xml:86:25-80
action#cn.jpush.android.intent.NOTIFICATION_RECEIVED
ADDED from [JinChan:jpush-react-native:unspecified] AndroidManifest.xml:87:17-88
	android:name
		ADDED from [JinChan:jpush-react-native:unspecified] AndroidManifest.xml:87:25-85
action#cn.jpush.android.intent.NOTIFICATION_OPENED
ADDED from [JinChan:jpush-react-native:unspecified] AndroidManifest.xml:88:17-86
	android:name
		ADDED from [JinChan:jpush-react-native:unspecified] AndroidManifest.xml:88:25-83
action#cn.jpush.android.intent.ACTION_RICHPUSH_CALLBACK
ADDED from [JinChan:jpush-react-native:unspecified] AndroidManifest.xml:89:17-91
	android:name
		ADDED from [JinChan:jpush-react-native:unspecified] AndroidManifest.xml:89:25-88
action#cn.jpush.android.intent.CONNECTION
ADDED from [JinChan:jpush-react-native:unspecified] AndroidManifest.xml:90:17-77
	android:name
		ADDED from [JinChan:jpush-react-native:unspecified] AndroidManifest.xml:90:25-74
receiver#cn.jpush.reactnativejpush.JPushModule$MyJPushMessageReceiver
ADDED from [JinChan:jpush-react-native:unspecified] AndroidManifest.xml:95:9-101:20
	android:name
		ADDED from [JinChan:jpush-react-native:unspecified] AndroidManifest.xml:95:19-94
intent-filter#${applicationId}+cn.jpush.android.intent.RECEIVE_MESSAGE
ADDED from [JinChan:jpush-react-native:unspecified] AndroidManifest.xml:96:13-100:29
action#cn.jpush.android.intent.RECEIVE_MESSAGE
ADDED from [JinChan:jpush-react-native:unspecified] AndroidManifest.xml:97:17-82
	android:name
		ADDED from [JinChan:jpush-react-native:unspecified] AndroidManifest.xml:97:25-79